<?xml version="1.0" encoding="UTF-8"?>
<!-- Generated by org.testng.reporters.JUnitXMLReporter -->
<testsuite ignored="12" hostname="DESKTOP-S2UPBU9" failures="1" tests="6" name="BoardCreationAndDeleteCreatedBoard" time="93.03" errors="0" timestamp="2023-01-12T22:51:05 IST">
  <testcase classname="com.qsp.trello.test.TrelloEndToEnd" name="launchTrello" time="8.936"/>
  <testcase classname="com.qsp.trello.test.TrelloEndToEnd" name="homeLoginOptionClick" time="11.865"/>
  <testcase classname="com.qsp.trello.test.TrelloEndToEnd" name="login" time="23.67"/>
  <testcase classname="com.qsp.trello.test.TrelloEndToEnd" name="boardCreation" time="18.316"/>
  <testcase classname="com.qsp.trello.test.TrelloEndToEnd" name="deleteCreatedBoard" time="6.697"/>
  <testcase classname="com.qsp.trello.test.TrelloEndToEnd" name="logout" time="10.017">
    <failure type="org.openqa.selenium.NoSuchElementException" message="no such element: Unable to locate element: {&amp;quot;method&amp;quot;:&amp;quot;xpath&amp;quot;,&amp;quot;selector&amp;quot;:&amp;quot;//span[contains(@title,&amp;apos;binodprusty95&amp;apos;)]&amp;quot;}
  (Session info: chrome=108.0.5359.125)
For documentation on this error, please visit: https://selenium.dev/exceptions/#no_such_element
Build info: version: &amp;apos;4.7.1&amp;apos;, revision: &amp;apos;c6795baf1a3&amp;apos;
System info: os.name: &amp;apos;Windows 10&amp;apos;, os.arch: &amp;apos;amd64&amp;apos;, os.version: &amp;apos;10.0&amp;apos;, java.version: &amp;apos;18.0.2.1&amp;apos;
Driver info: org.openqa.selenium.chrome.ChromeDriver
Command: [1a791f8f5c83fd19332845b2e9b763d4, findElement {using=xpath, value=//span[contains(@title,&amp;apos;binodprusty95&amp;apos;)]}]
Capabilities {acceptInsecureCerts: false, browserName: chrome, browserVersion: 108.0.5359.125, chrome: {chromedriverVersion: 108.0.5359.71 (1e0e3868ee06..., userDataDir: C:\Users\Lenovo\AppData\Loc...}, goog:chromeOptions: {debuggerAddress: localhost:58418}, networkConnectionEnabled: false, pageLoadStrategy: normal, platformName: WINDOWS, proxy: Proxy(), se:cdp: ws://localhost:58418/devtoo..., se:cdpVersion: 108.0.5359.125, setWindowRect: true, strictFileInteractability: false, timeouts: {implicit: 0, pageLoad: 300000, script: 30000}, unhandledPromptBehavior: dismiss and notify, webauthn:extension:credBlob: true, webauthn:extension:largeBlob: true, webauthn:virtualAuthenticators: true}
Session ID: 1a791f8f5c83fd19332845b2e9b763d4">
      <![CDATA[org.openqa.selenium.NoSuchElementException: no such element: Unable to locate element: {"method":"xpath","selector":"//span[contains(@title,'binodprusty95')]"}
  (Session info: chrome=108.0.5359.125)
For documentation on this error, please visit: https://selenium.dev/exceptions/#no_such_element
Build info: version: '4.7.1', revision: 'c6795baf1a3'
System info: os.name: 'Windows 10', os.arch: 'amd64', os.version: '10.0', java.version: '18.0.2.1'
Driver info: org.openqa.selenium.chrome.ChromeDriver
Command: [1a791f8f5c83fd19332845b2e9b763d4, findElement {using=xpath, value=//span[contains(@title,'binodprusty95')]}]
Capabilities {acceptInsecureCerts: false, browserName: chrome, browserVersion: 108.0.5359.125, chrome: {chromedriverVersion: 108.0.5359.71 (1e0e3868ee06..., userDataDir: C:\Users\Lenovo\AppData\Loc...}, goog:chromeOptions: {debuggerAddress: localhost:58418}, networkConnectionEnabled: false, pageLoadStrategy: normal, platformName: WINDOWS, proxy: Proxy(), se:cdp: ws://localhost:58418/devtoo..., se:cdpVersion: 108.0.5359.125, setWindowRect: true, strictFileInteractability: false, timeouts: {implicit: 0, pageLoad: 300000, script: 30000}, unhandledPromptBehavior: dismiss and notify, webauthn:extension:credBlob: true, webauthn:extension:largeBlob: true, webauthn:virtualAuthenticators: true}
Session ID: 1a791f8f5c83fd19332845b2e9b763d4
at org.openqa.selenium.remote.codec.w3c.W3CHttpResponseCodec.createException(W3CHttpResponseCodec.java:200)
at org.openqa.selenium.remote.codec.w3c.W3CHttpResponseCodec.decode(W3CHttpResponseCodec.java:133)
at org.openqa.selenium.remote.codec.w3c.W3CHttpResponseCodec.decode(W3CHttpResponseCodec.java:53)
at org.openqa.selenium.remote.HttpCommandExecutor.execute(HttpCommandExecutor.java:184)
at org.openqa.selenium.remote.service.DriverCommandExecutor.invokeExecute(DriverCommandExecutor.java:167)
at org.openqa.selenium.remote.service.DriverCommandExecutor.execute(DriverCommandExecutor.java:142)
at org.openqa.selenium.remote.RemoteWebDriver.execute(RemoteWebDriver.java:551)
at org.openqa.selenium.remote.ElementLocation$ElementFinder$2.findElement(ElementLocation.java:162)
at org.openqa.selenium.remote.ElementLocation.findElement(ElementLocation.java:60)
at org.openqa.selenium.remote.RemoteWebDriver.findElement(RemoteWebDriver.java:367)
at org.openqa.selenium.remote.RemoteWebDriver.findElement(RemoteWebDriver.java:359)
at org.openqa.selenium.support.pagefactory.DefaultElementLocator.findElement(DefaultElementLocator.java:70)
at org.openqa.selenium.support.pagefactory.internal.LocatingElementHandler.invoke(LocatingElementHandler.java:39)
at jdk.proxy2/jdk.proxy2.$Proxy16.click(Unknown Source)
at com.qsp.trello.test.TrelloEndToEnd.logout(TrelloEndToEnd.java:85)
at java.base/java.util.ArrayList.forEach(ArrayList.java:1511)
... Removed 28 stack frames]]>
    </failure>
  </testcase> <!-- logout -->
  <testcase classname="com.qsp.trello.test.TrelloEndToEnd" name="alphabeticallyCardSort" time="0.0">
    <ignored/>
  </testcase> <!-- alphabeticallyCardSort -->
  <testcase classname="com.qsp.trello.test.TrelloEndToEnd" name="verifyLoginpage" time="0.0">
    <ignored/>
  </testcase> <!-- verifyLoginpage -->
  <testcase classname="com.qsp.trello.test.TrelloEndToEnd" name="cardCreation" time="0.0">
    <ignored/>
  </testcase> <!-- cardCreation -->
  <testcase classname="com.qsp.trello.test.TrelloEndToEnd" name="verifyTrelloBoardpage" time="0.0">
    <ignored/>
  </testcase> <!-- verifyTrelloBoardpage -->
  <testcase classname="com.qsp.trello.test.TrelloEndToEnd" name="createBoardFromBoardPage" time="0.0">
    <ignored/>
  </testcase> <!-- createBoardFromBoardPage -->
  <testcase classname="com.qsp.trello.test.TrelloEndToEnd" name="moveFullyLoadedList" time="0.0">
    <ignored/>
  </testcase> <!-- moveFullyLoadedList -->
  <testcase classname="com.qsp.trello.test.TrelloEndToEnd" name="cardCount" time="0.0">
    <ignored/>
  </testcase> <!-- cardCount -->
  <testcase classname="com.qsp.trello.test.TrelloEndToEnd" name="deleteBoardOnTrelloBoardPage" time="0.0">
    <ignored/>
  </testcase> <!-- deleteBoardOnTrelloBoardPage -->
  <testcase classname="com.qsp.trello.test.TrelloEndToEnd" name="verifyTrelloHomepage" time="0.0">
    <ignored/>
  </testcase> <!-- verifyTrelloHomepage -->
  <testcase classname="com.qsp.trello.test.TrelloEndToEnd" name="deleteList" time="0.0">
    <ignored/>
  </testcase> <!-- deleteList -->
  <testcase classname="com.qsp.trello.test.TrelloEndToEnd" name="createList" time="0.0">
    <ignored/>
  </testcase> <!-- createList -->
  <testcase classname="com.qsp.trello.test.TrelloEndToEnd" name="swapList" time="0.0">
    <ignored/>
  </testcase> <!-- swapList -->
</testsuite> <!-- BoardCreationAndDeleteCreatedBoard -->
